\BOOKMARK [0][-]{titlepage.0}{\376\377\142\111\000\040\000\040\000\040\000\040\230\165}{}% 1
\BOOKMARK [0][-]{abstract.0}{\376\377\144\130\000\040\000\040\000\040\000\040\211\201}{}% 2
\BOOKMARK [1][-]{section.0.1}{\376\377\0000\000.\0001\000\040\200\240\220\123\203\314\177\244\176\265\124\021\152\041\137\017\116\016\145\351\116\247\121\077\127\117\153\173\140\047\134\017\200\240\176\323\200\240\160\216\170\024\172\166}{abstract.0}% 3
\BOOKMARK [1][-]{section.0.2}{\376\377\0000\000.\0002\000\040\121\077\171\321\160\216\165\307\140\047\165\276\165\305\116\016\200\240\220\123\203\314\177\244\175\012\116\161}{abstract.0}% 4
\BOOKMARK [1][-]{section.0.3}{\376\377\0000\000.\0003\000\040\000P\000a\000t\000t\000e\000r\000e\000n\000e\000d\000\040\000I\000n\000t\000e\000s\000t\000i\000n\000a\000l\000\040\000M\000i\000c\000r\000o\000b\000i\000o\000t\000a\000\040\000i\000n\000\040\000N\000e\000c\000r\000o\000t\000i\000z\000i\000n\000g\000\040\000E\000n\000t\000e\000r\000o\000c\000o\000l\000i\000t\000i\000s}{abstract.0}% 5
\BOOKMARK [1][-]{section.0.4}{\376\377\0000\000.\0004\000\040\000P\000e\000d\000i\000a\000t\000r\000i\000c\000\040\000E\000n\000t\000e\000r\000o\000c\000o\000l\000i\000t\000i\000s\000\040\000i\000n\000\040\000A\000s\000s\000o\000c\000i\000a\000t\000i\000o\000n\000\040\000w\000i\000t\000h\000\040\000I\000n\000t\000e\000s\000t\000i\000n\000a\000l\000\040\000M\000i\000c\000r\000o\000b\000i\000o\000t\000a}{abstract.0}% 6
\BOOKMARK [0][-]{toc.0}{\376\377\166\356\000\040\000\040\000\040\000\040\137\125}{}% 7
\BOOKMARK [0][-]{chapter*.4}{\376\377\143\322\126\376\175\042\137\025}{}% 8
\BOOKMARK [0][-]{chapter*.5}{\376\377\210\150\150\074\175\042\137\025}{}% 9
\BOOKMARK [0][-]{chapter*.6}{\376\377\121\154\137\017\175\042\137\025}{}% 10
\BOOKMARK [0][-]{chapter*.7}{\376\377\177\051\165\145\213\355\116\055\202\361\145\207\133\371\161\147\210\150}{}% 11
\BOOKMARK [0][-]{chapter.1}{\376\377\173\054\116\000\172\340\000\040\000\040\176\352\213\272}{}% 12
\BOOKMARK [0][-]{chapter.2}{\376\377\173\054\116\214\172\340\000\040\000\040\200\240\220\123\203\314\177\244\176\265\124\021\152\041\137\017\116\016\145\351\116\247\121\077\127\117\153\173\140\047\134\017\200\240\176\323\200\240\160\216\170\024\172\166}{}% 13
\BOOKMARK [0][-]{chapter.3}{\376\377\173\054\116\011\172\340\000\040\000\040\121\077\171\321\200\240\220\123\160\216\165\307\140\047\165\276\165\305\116\016\200\240\220\123\203\314\177\244\170\024\172\166}{}% 14
\BOOKMARK [0][-]{chapter*.14}{\376\377\121\150\145\207\140\073\176\323}{}% 15
\BOOKMARK [0][-]{appendix.A}{\376\377\226\104\137\125\000\040\000A\000\040\000\040\176\374\217\360\000\040\200\240\220\123\203\314\177\244\170\024\172\166\116\055\174\252\117\277\150\067\124\301\123\326\150\067\116\016\117\335\133\130\145\271\154\325}{}% 16
\BOOKMARK [0][-]{appendix.B}{\376\377\226\104\137\125\000\040\000B\000\040\000\040\123\237\131\313\145\160\143\156\116\016\156\220\116\343\170\001\133\130\150\143}{}% 17
\BOOKMARK [0][-]{appendix*.15}{\376\377\123\302\200\003\145\207\163\056}{}% 18
\BOOKMARK [0][-]{appendix*.16}{\376\377\201\364\000\040\000\040\000\040\000\040\214\042}{}% 19
\BOOKMARK [0][-]{appendix*.17}{\376\377\145\073\213\373\133\146\117\115\147\037\225\364\123\321\210\150\166\204\133\146\147\057\213\272\145\207}{}% 20
\BOOKMARK [0][-]{appendix*.18}{\376\377\145\073\213\373\133\146\117\115\147\037\225\364\123\302\116\016\166\204\230\171\166\356}{}% 21
